[2021-05-04T18:11:42.387] [INFO] default - Inicio de sesion del usuario: nueva1@nueva1.com
[2021-05-04T18:12:02.650] [INFO] default - Se ha publicado una oferta por el usuario: nueva1@nueva1.com
[2021-05-04T18:12:09.290] [INFO] default - Se ha eliminado una oferta por el usuario: nueva1@nueva1.com
[2021-05-04T18:12:16.542] [INFO] default - Se ha desconectado el usuario: nueva1@nueva1.com
[2021-05-04T18:12:23.411] [INFO] default - Inicio de sesion del admin: admin@admin.com
[2021-05-04T18:12:35.392] [INFO] default - Se ha/n eliminado el/los usuario/s: nueva1@nueva1.compor el administrador: admin@admin.com
[2021-05-04T18:12:46.344] [INFO] default - Se ha desconectado el usuario: admin@admin.com
[2021-05-04T18:13:17.851] [INFO] default - Inicio de sesion del usuario: prueba1@prueba1.com
[2021-05-04T18:13:20.881] [INFO] default - Se ha desconectado el usuario: prueba1@prueba1.com
[2021-05-06T19:41:24.728] [INFO] default - Inicio de sesion del usuario: test1@test1.com
[2021-05-06T19:41:38.727] [INFO] default - Inicio de sesion del usuario: test1@test1.com
[2021-05-06T19:41:38.838] [INFO] default - Se ha desconectado el usuario: test1@test1.com
[2021-05-06T19:41:43.589] [INFO] default - Inicio de sesion del admin: admin@admin.com
[2021-05-06T19:41:57.123] [INFO] default - Inicio de sesion del admin: admin@admin.com
[2021-05-06T19:42:12.585] [INFO] default - Se ha/n eliminado el/los usuario/s: Borrado1@Borrado1.com por el administrador: admin@admin.com
[2021-05-06T19:42:25.983] [INFO] default - Inicio de sesion del admin: admin@admin.com
[2021-05-06T19:42:39.479] [INFO] default - Se ha/n eliminado el/los usuario/s: zzzz@zzzz.com por el administrador: admin@admin.com
[2021-05-06T19:43:03.218] [INFO] default - Inicio de sesion del admin: admin@admin.com
[2021-05-06T19:43:17.440] [INFO] default - Se ha/n eliminado el/los usuario/s: Borrado1@Borrado1.com,Borrado2@Borrado2.com,zzzz@zzzz.com por el administrador: admin@admin.com
[2021-05-06T19:43:22.484] [INFO] default - Inicio de sesion del usuario: prueba1@prueba1.com
[2021-05-06T19:43:27.074] [INFO] default - Se ha publicado una oferta por el usuario: prueba1@prueba1.com
[2021-05-06T19:43:31.709] [INFO] default - Inicio de sesion del usuario: prueba1@prueba1.com
[2021-05-06T19:43:38.432] [INFO] default - Inicio de sesion del usuario: prueba1@prueba1.com
[2021-05-06T19:43:43.482] [INFO] default - Inicio de sesion del usuario: prueba1@prueba1.com
[2021-05-06T19:43:48.340] [INFO] default - Se ha eliminado una oferta por el usuario: prueba1@prueba1.com
[2021-05-06T19:43:52.808] [INFO] default - Se ha publicado una oferta por el usuario: prueba1@prueba1.com
[2021-05-06T19:43:58.622] [INFO] default - Inicio de sesion del usuario: prueba1@prueba1.com
[2021-05-06T19:44:05.485] [INFO] default - Se ha eliminado una oferta por el usuario: prueba1@prueba1.com
[2021-05-06T19:44:10.693] [INFO] default - Inicio de sesion del usuario: prueba1@prueba1.com
[2021-05-06T19:44:30.520] [INFO] default - Inicio de sesion del usuario: prueba1@prueba1.com
[2021-05-06T19:45:32.359] [INFO] default - Inicio de sesion del usuario: prueba1@prueba1.com
[2021-05-06T19:45:40.135] [INFO] default - Inicio de sesion del usuario: prueba1@prueba1.com
[2021-05-06T19:45:44.542] [INFO] default - Se ha publicado una oferta por el usuario: prueba1@prueba1.com
[2021-05-06T19:45:46.123] [INFO] default - Se ha desconectado el usuario: prueba1@prueba1.com
[2021-05-06T19:45:48.675] [INFO] default - Inicio de sesion del usuario: test1@test1.com
[2021-05-06T19:45:56.879] [INFO] default - Inicio de sesion del usuario: prueba1@prueba1.com
[2021-05-06T19:46:03.693] [INFO] default - Se ha publicado una oferta por el usuario: prueba1@prueba1.com
[2021-05-06T19:46:05.996] [INFO] default - Se ha desconectado el usuario: prueba1@prueba1.com
[2021-05-06T19:46:08.768] [INFO] default - Inicio de sesion del usuario: test1@test1.com
[2021-05-06T19:46:18.619] [INFO] default - Inicio de sesion del usuario: test1@test1.com
[2021-05-06T19:46:38.163] [INFO] default - Se ha comprado una oferta por el usuario: test1@test1.com
[2021-05-06T19:47:26.312] [INFO] default - Inicio de sesion del usuario: test1@test1.com
[2021-05-06T19:48:40.749] [INFO] default - Inicio de sesion del usuario: prueba1@prueba1.com
[2021-05-06T19:51:44.299] [INFO] default - Inicio de sesion del usuario: test1@test1.com
[2021-05-06T19:51:58.288] [INFO] default - Inicio de sesion del usuario: test1@test1.com
[2021-05-06T19:51:58.403] [INFO] default - Se ha desconectado el usuario: test1@test1.com
[2021-05-06T19:52:02.639] [INFO] default - Inicio de sesion del admin: admin@admin.com
[2021-05-06T19:52:16.446] [INFO] default - Inicio de sesion del admin: admin@admin.com
[2021-05-06T19:52:29.542] [INFO] default - Se ha/n eliminado el/los usuario/s: Borrado1@Borrado1.com por el administrador: admin@admin.com
[2021-05-06T19:52:44.425] [INFO] default - Inicio de sesion del admin: admin@admin.com
[2021-05-06T19:53:00.814] [INFO] default - Se ha/n eliminado el/los usuario/s: zzzz@zzzz.com por el administrador: admin@admin.com
[2021-05-06T19:53:25.387] [INFO] default - Inicio de sesion del admin: admin@admin.com
[2021-05-06T19:53:40.226] [INFO] default - Se ha/n eliminado el/los usuario/s: Borrado1@Borrado1.com,Borrado2@Borrado2.com,zzzz@zzzz.com por el administrador: admin@admin.com
[2021-05-06T19:53:45.935] [INFO] default - Inicio de sesion del usuario: prueba1@prueba1.com
[2021-05-06T19:53:50.728] [INFO] default - Se ha publicado una oferta por el usuario: prueba1@prueba1.com
[2021-05-06T19:53:54.832] [INFO] default - Inicio de sesion del usuario: prueba1@prueba1.com
[2021-05-06T19:54:02.237] [INFO] default - Inicio de sesion del usuario: prueba1@prueba1.com
[2021-05-06T19:54:06.601] [INFO] default - Inicio de sesion del usuario: prueba1@prueba1.com
[2021-05-06T19:54:11.481] [INFO] default - Se ha eliminado una oferta por el usuario: prueba1@prueba1.com
[2021-05-06T19:54:15.972] [INFO] default - Se ha publicado una oferta por el usuario: prueba1@prueba1.com
[2021-05-06T19:54:21.216] [INFO] default - Inicio de sesion del usuario: prueba1@prueba1.com
[2021-05-06T19:54:27.520] [INFO] default - Se ha eliminado una oferta por el usuario: prueba1@prueba1.com
[2021-05-06T19:54:32.174] [INFO] default - Inicio de sesion del usuario: prueba1@prueba1.com
[2021-05-06T19:54:50.606] [INFO] default - Inicio de sesion del usuario: prueba1@prueba1.com
[2021-05-06T19:55:51.422] [INFO] default - Inicio de sesion del usuario: prueba1@prueba1.com
[2021-05-06T19:56:01.856] [INFO] default - Inicio de sesion del usuario: prueba1@prueba1.com
[2021-05-06T19:56:06.956] [INFO] default - Se ha publicado una oferta por el usuario: prueba1@prueba1.com
[2021-05-06T19:56:09.046] [INFO] default - Se ha desconectado el usuario: prueba1@prueba1.com
[2021-05-06T19:56:11.532] [INFO] default - Inicio de sesion del usuario: test1@test1.com
[2021-05-06T19:57:05.734] [INFO] default - Inicio de sesion del usuario: prueba1@prueba1.com
[2021-05-06T19:57:11.156] [INFO] default - Se ha publicado una oferta por el usuario: prueba1@prueba1.com
[2021-05-06T19:57:12.891] [INFO] default - Se ha desconectado el usuario: prueba1@prueba1.com
[2021-05-06T19:57:16.047] [INFO] default - Inicio de sesion del usuario: test1@test1.com
[2021-05-06T19:57:36.313] [INFO] default - Se ha comprado una oferta por el usuario: test1@test1.com
[2021-05-06T19:57:41.697] [INFO] default - Inicio de sesion del usuario: test1@test1.com
[2021-05-06T19:57:59.555] [INFO] default - Se ha comprado una oferta por el usuario: test1@test1.com
[2021-05-06T20:00:09.701] [INFO] default - Inicio de sesion del usuario: test1@test1.com
[2021-05-06T20:00:23.988] [INFO] default - Inicio de sesion del usuario: test1@test1.com
[2021-05-06T20:00:24.097] [INFO] default - Se ha desconectado el usuario: test1@test1.com
[2021-05-06T20:00:28.731] [INFO] default - Inicio de sesion del admin: admin@admin.com
[2021-05-06T20:00:41.537] [INFO] default - Inicio de sesion del admin: admin@admin.com
[2021-05-06T20:00:58.346] [INFO] default - Se ha/n eliminado el/los usuario/s: Borrado1@Borrado1.com por el administrador: admin@admin.com
[2021-05-06T20:01:11.862] [INFO] default - Inicio de sesion del admin: admin@admin.com
[2021-05-06T20:01:27.832] [INFO] default - Se ha/n eliminado el/los usuario/s: zzzz@zzzz.com por el administrador: admin@admin.com
[2021-05-06T20:01:49.573] [INFO] default - Inicio de sesion del admin: admin@admin.com
[2021-05-06T20:02:02.935] [INFO] default - Se ha/n eliminado el/los usuario/s: Borrado1@Borrado1.com,Borrado2@Borrado2.com,zzzz@zzzz.com por el administrador: admin@admin.com
[2021-05-06T20:02:09.046] [INFO] default - Inicio de sesion del usuario: prueba1@prueba1.com
[2021-05-06T20:02:14.716] [INFO] default - Se ha publicado una oferta por el usuario: prueba1@prueba1.com
[2021-05-06T20:02:19.201] [INFO] default - Inicio de sesion del usuario: prueba1@prueba1.com
[2021-05-06T20:02:26.536] [INFO] default - Inicio de sesion del usuario: prueba1@prueba1.com
[2021-05-06T20:02:31.058] [INFO] default - Inicio de sesion del usuario: prueba1@prueba1.com
[2021-05-06T20:02:36.604] [INFO] default - Se ha eliminado una oferta por el usuario: prueba1@prueba1.com
[2021-05-06T20:02:42.720] [INFO] default - Se ha publicado una oferta por el usuario: prueba1@prueba1.com
[2021-05-06T20:02:47.499] [INFO] default - Inicio de sesion del usuario: prueba1@prueba1.com
[2021-05-06T20:02:54.332] [INFO] default - Se ha eliminado una oferta por el usuario: prueba1@prueba1.com
[2021-05-06T20:03:00.786] [INFO] default - Inicio de sesion del usuario: prueba1@prueba1.com
[2021-05-06T20:03:20.288] [INFO] default - Inicio de sesion del usuario: prueba1@prueba1.com
[2021-05-06T20:04:22.177] [INFO] default - Inicio de sesion del usuario: prueba1@prueba1.com
[2021-05-06T20:04:33.565] [INFO] default - Inicio de sesion del usuario: prueba1@prueba1.com
[2021-05-06T20:04:38.272] [INFO] default - Se ha publicado una oferta por el usuario: prueba1@prueba1.com
[2021-05-06T20:04:40.392] [INFO] default - Se ha desconectado el usuario: prueba1@prueba1.com
[2021-05-06T20:04:42.798] [INFO] default - Inicio de sesion del usuario: test1@test1.com
[2021-05-06T20:04:57.936] [INFO] default - Se ha comprado una oferta por el usuario: test1@test1.com
[2021-05-06T20:05:03.319] [INFO] default - Inicio de sesion del usuario: prueba1@prueba1.com
[2021-05-06T20:05:08.335] [INFO] default - Se ha publicado una oferta por el usuario: prueba1@prueba1.com
[2021-05-06T20:05:10.775] [INFO] default - Se ha desconectado el usuario: prueba1@prueba1.com
[2021-05-06T20:05:13.339] [INFO] default - Inicio de sesion del usuario: test1@test1.com
[2021-05-06T20:05:29.946] [INFO] default - Se ha comprado una oferta por el usuario: test1@test1.com
[2021-05-06T20:05:35.496] [INFO] default - Inicio de sesion del usuario: test1@test1.com
[2021-05-06T20:05:58.179] [INFO] default - Inicio de sesion del usuario: test1@test1.com
[2021-05-06T20:06:05.376] [INFO] default - Inicio de sesion del admin: admin@admin.com
[2021-05-06T20:06:17.340] [INFO] default - Se ha/n eliminado el/los usuario/s: test1@test1.com por el administrador: admin@admin.com
[2021-05-06T20:06:19.657] [INFO] default - Se ha desconectado el usuario: admin@admin.com
[2021-05-06T20:06:22.448] [INFO] default - Inicio de sesion del usuario: prueba1@prueba1.com
[2021-05-06T20:06:27.295] [INFO] default - Se ha eliminado una oferta por el usuario: prueba1@prueba1.com
[2021-05-06T20:06:32.253] [INFO] default - Se ha eliminado una oferta por el usuario: prueba1@prueba1.com
[2021-05-06T20:30:47.154] [INFO] default - Inicio de sesion del usuario: test1@test1.com
[2021-05-06T20:32:32.783] [INFO] default - Inicio de sesion del usuario: test1@test1.com
[2021-05-06T20:35:10.236] [INFO] default - Inicio de sesion del usuario: test1@test1.com
[2021-05-06T20:35:16.596] [INFO] default - Se ha publicado una oferta por el usuario: test1@test1.com
[2021-05-06T20:42:22.796] [INFO] default - Inicio de sesion del usuario: test1@test1.com
[2021-05-06T20:42:28.159] [INFO] default - Se ha publicado una oferta por el usuario: test1@test1.com
[2021-05-06T20:46:43.432] [INFO] default - Inicio de sesion del usuario: prueba1@prueba1.com
[2021-05-06T20:47:39.224] [INFO] default - Se ha publicado una oferta por el usuario: prueba1@prueba1.com
[2021-05-06T20:48:49.091] [INFO] default - Inicio de sesion del usuario: test1@test1.com
[2021-05-06T20:49:06.693] [INFO] default - Inicio de sesion del usuario: test1@test1.com
[2021-05-06T20:49:06.803] [INFO] default - Se ha desconectado el usuario: test1@test1.com
[2021-05-06T20:49:10.747] [INFO] default - Inicio de sesion del admin: admin@admin.com
[2021-05-06T20:49:25.539] [INFO] default - Inicio de sesion del admin: admin@admin.com
[2021-05-06T20:49:42.104] [INFO] default - Se ha/n eliminado el/los usuario/s: Borrado1@Borrado1.com por el administrador: admin@admin.com
[2021-05-06T20:49:58.253] [INFO] default - Inicio de sesion del admin: admin@admin.com
[2021-05-06T20:50:11.915] [INFO] default - Se ha/n eliminado el/los usuario/s: zzzz@zzzz.com por el administrador: admin@admin.com
[2021-05-06T20:50:36.173] [INFO] default - Inicio de sesion del admin: admin@admin.com
[2021-05-06T20:50:51.827] [INFO] default - Se ha/n eliminado el/los usuario/s: Borrado1@Borrado1.com,Borrado2@Borrado2.com,zzzz@zzzz.com por el administrador: admin@admin.com
[2021-05-06T20:50:56.930] [INFO] default - Inicio de sesion del usuario: prueba1@prueba1.com
[2021-05-06T20:51:01.917] [INFO] default - Se ha publicado una oferta por el usuario: prueba1@prueba1.com
[2021-05-06T20:51:07.230] [INFO] default - Inicio de sesion del usuario: prueba1@prueba1.com
[2021-05-06T20:51:13.828] [INFO] default - Inicio de sesion del usuario: prueba1@prueba1.com
[2021-05-06T20:51:19.731] [INFO] default - Inicio de sesion del usuario: prueba1@prueba1.com
[2021-05-06T20:51:25.983] [INFO] default - Se ha eliminado una oferta por el usuario: prueba1@prueba1.com
[2021-05-06T20:51:32.294] [INFO] default - Se ha publicado una oferta por el usuario: prueba1@prueba1.com
[2021-05-06T20:51:37.225] [INFO] default - Inicio de sesion del usuario: prueba1@prueba1.com
[2021-05-06T20:51:43.284] [INFO] default - Se ha eliminado una oferta por el usuario: prueba1@prueba1.com
[2021-05-06T20:51:48.205] [INFO] default - Inicio de sesion del usuario: prueba1@prueba1.com
[2021-05-06T20:51:56.078] [INFO] default - Inicio de sesion del usuario: prueba1@prueba1.com
[2021-05-06T20:52:59.646] [INFO] default - Inicio de sesion del usuario: prueba1@prueba1.com
[2021-05-06T20:53:10.160] [INFO] default - Inicio de sesion del usuario: prueba1@prueba1.com
[2021-05-06T20:53:15.318] [INFO] default - Se ha publicado una oferta por el usuario: prueba1@prueba1.com
[2021-05-06T20:53:17.838] [INFO] default - Se ha desconectado el usuario: prueba1@prueba1.com
[2021-05-06T20:53:20.453] [INFO] default - Inicio de sesion del usuario: test1@test1.com
[2021-05-06T20:53:39.395] [INFO] default - Se ha comprado una oferta por el usuario: test1@test1.com
[2021-05-06T20:53:44.454] [INFO] default - Inicio de sesion del usuario: prueba1@prueba1.com
[2021-05-06T20:53:48.881] [INFO] default - Se ha publicado una oferta por el usuario: prueba1@prueba1.com
[2021-05-06T20:53:50.838] [INFO] default - Se ha desconectado el usuario: prueba1@prueba1.com
[2021-05-06T20:53:53.405] [INFO] default - Inicio de sesion del usuario: test1@test1.com
[2021-05-06T20:54:10.740] [INFO] default - Se ha comprado una oferta por el usuario: test1@test1.com
[2021-05-06T20:54:15.691] [INFO] default - Inicio de sesion del usuario: test1@test1.com
[2021-05-06T20:54:40.479] [INFO] default - Inicio de sesion del usuario: test1@test1.com
[2021-05-06T20:54:52.896] [INFO] default - Inicio de sesion del admin: admin@admin.com
[2021-05-06T20:55:12.256] [INFO] default - Se ha/n eliminado el/los usuario/s: test1@test1.com por el administrador: admin@admin.com
[2021-05-06T20:55:14.498] [INFO] default - Se ha desconectado el usuario: admin@admin.com
[2021-05-06T20:55:17.163] [INFO] default - Inicio de sesion del usuario: prueba1@prueba1.com
[2021-05-06T20:55:35.306] [INFO] default - Se ha eliminado una oferta por el usuario: prueba1@prueba1.com
[2021-05-06T20:55:48.571] [INFO] default - Se ha eliminado una oferta por el usuario: prueba1@prueba1.com
[2021-05-06T20:58:09.122] [INFO] default - Inicio de sesion del usuario: test1@test1.com
[2021-05-06T20:58:23.220] [INFO] default - Inicio de sesion del usuario: test1@test1.com
[2021-05-06T20:58:23.348] [INFO] default - Se ha desconectado el usuario: test1@test1.com
[2021-05-06T20:58:29.275] [INFO] default - Inicio de sesion del admin: admin@admin.com
[2021-05-06T20:58:41.730] [INFO] default - Inicio de sesion del admin: admin@admin.com
[2021-05-06T20:58:56.682] [INFO] default - Se ha/n eliminado el/los usuario/s: Borrado1@Borrado1.com por el administrador: admin@admin.com
[2021-05-06T20:59:08.785] [INFO] default - Inicio de sesion del admin: admin@admin.com
[2021-05-06T20:59:22.573] [INFO] default - Se ha/n eliminado el/los usuario/s: zzzz@zzzz.com por el administrador: admin@admin.com
[2021-05-06T20:59:47.965] [INFO] default - Inicio de sesion del admin: admin@admin.com
[2021-05-06T21:00:05.393] [INFO] default - Se ha/n eliminado el/los usuario/s: Borrado1@Borrado1.com,Borrado2@Borrado2.com,zzzz@zzzz.com por el administrador: admin@admin.com
[2021-05-06T21:00:11.385] [INFO] default - Inicio de sesion del usuario: prueba1@prueba1.com
[2021-05-06T21:00:17.819] [INFO] default - Se ha publicado una oferta por el usuario: prueba1@prueba1.com
[2021-05-06T21:00:22.731] [INFO] default - Inicio de sesion del usuario: prueba1@prueba1.com
[2021-05-06T21:00:29.357] [INFO] default - Inicio de sesion del usuario: prueba1@prueba1.com
[2021-05-06T21:00:34.325] [INFO] default - Inicio de sesion del usuario: prueba1@prueba1.com
[2021-05-06T21:00:39.723] [INFO] default - Se ha eliminado una oferta por el usuario: prueba1@prueba1.com
[2021-05-06T21:00:45.415] [INFO] default - Se ha publicado una oferta por el usuario: prueba1@prueba1.com
[2021-05-06T21:00:51.445] [INFO] default - Inicio de sesion del usuario: prueba1@prueba1.com
[2021-05-06T21:00:57.338] [INFO] default - Se ha eliminado una oferta por el usuario: prueba1@prueba1.com
[2021-05-06T21:01:02.130] [INFO] default - Inicio de sesion del usuario: prueba1@prueba1.com
[2021-05-06T21:01:26.980] [INFO] default - Inicio de sesion del usuario: prueba1@prueba1.com
[2021-05-06T21:01:53.100] [INFO] default - Inicio de sesion del usuario: prueba1@prueba1.com
[2021-05-06T21:02:06.601] [INFO] default - Inicio de sesion del usuario: prueba1@prueba1.com
[2021-05-06T21:02:11.330] [INFO] default - Se ha publicado una oferta por el usuario: prueba1@prueba1.com
[2021-05-06T21:02:14.002] [INFO] default - Se ha desconectado el usuario: prueba1@prueba1.com
[2021-05-06T21:02:17.460] [INFO] default - Inicio de sesion del usuario: test1@test1.com
[2021-05-06T21:02:50.877] [INFO] default - Se ha comprado una oferta por el usuario: test1@test1.com
[2021-05-06T21:02:57.969] [INFO] default - Inicio de sesion del usuario: prueba1@prueba1.com
[2021-05-06T21:05:21.335] [INFO] default - Inicio de sesion del usuario: test1@test1.com
[2021-05-06T21:05:32.680] [INFO] default - Inicio de sesion del usuario: test1@test1.com
[2021-05-06T21:05:32.799] [INFO] default - Se ha desconectado el usuario: test1@test1.com
[2021-05-06T21:05:36.896] [INFO] default - Inicio de sesion del admin: admin@admin.com
[2021-05-06T21:05:47.976] [INFO] default - Inicio de sesion del admin: admin@admin.com
[2021-05-06T21:06:01.138] [INFO] default - Se ha/n eliminado el/los usuario/s: Borrado1@Borrado1.com por el administrador: admin@admin.com
[2021-05-06T21:06:13.524] [INFO] default - Inicio de sesion del admin: admin@admin.com
[2021-05-06T21:06:26.931] [INFO] default - Se ha/n eliminado el/los usuario/s: zzzz@zzzz.com por el administrador: admin@admin.com
[2021-05-06T21:06:49.356] [INFO] default - Inicio de sesion del admin: admin@admin.com
[2021-05-06T21:07:02.495] [INFO] default - Se ha/n eliminado el/los usuario/s: Borrado1@Borrado1.com,Borrado2@Borrado2.com,zzzz@zzzz.com por el administrador: admin@admin.com
[2021-05-06T21:07:07.253] [INFO] default - Inicio de sesion del usuario: prueba1@prueba1.com
[2021-05-06T21:07:11.348] [INFO] default - Se ha publicado una oferta por el usuario: prueba1@prueba1.com
[2021-05-06T21:07:14.940] [INFO] default - Inicio de sesion del usuario: prueba1@prueba1.com
[2021-05-06T21:07:20.760] [INFO] default - Inicio de sesion del usuario: prueba1@prueba1.com
[2021-05-06T21:07:24.749] [INFO] default - Inicio de sesion del usuario: prueba1@prueba1.com
[2021-05-06T21:07:32.517] [INFO] default - Se ha eliminado una oferta por el usuario: prueba1@prueba1.com
[2021-05-06T21:07:37.086] [INFO] default - Se ha publicado una oferta por el usuario: prueba1@prueba1.com
[2021-05-06T21:07:43.186] [INFO] default - Inicio de sesion del usuario: prueba1@prueba1.com
[2021-05-06T21:07:48.213] [INFO] default - Se ha eliminado una oferta por el usuario: prueba1@prueba1.com
[2021-05-06T21:07:52.410] [INFO] default - Inicio de sesion del usuario: prueba1@prueba1.com
[2021-05-06T21:08:13.181] [INFO] default - Inicio de sesion del usuario: prueba1@prueba1.com
[2021-05-06T21:09:13.960] [INFO] default - Inicio de sesion del usuario: prueba1@prueba1.com
[2021-05-06T21:09:25.102] [INFO] default - Inicio de sesion del usuario: prueba1@prueba1.com
[2021-05-06T21:09:32.802] [INFO] default - Se ha publicado una oferta por el usuario: prueba1@prueba1.com
[2021-05-06T21:09:36.985] [INFO] default - Se ha desconectado el usuario: prueba1@prueba1.com
[2021-05-06T21:09:40.052] [INFO] default - Inicio de sesion del usuario: test1@test1.com
[2021-05-06T21:09:56.335] [INFO] default - Se ha comprado una oferta por el usuario: test1@test1.com
[2021-05-06T21:09:59.950] [INFO] default - Inicio de sesion del usuario: prueba1@prueba1.com
[2021-05-06T21:10:05.070] [INFO] default - Se ha publicado una oferta por el usuario: prueba1@prueba1.com
[2021-05-06T21:10:06.728] [INFO] default - Se ha desconectado el usuario: prueba1@prueba1.com
[2021-05-06T21:10:09.033] [INFO] default - Inicio de sesion del usuario: test1@test1.com
[2021-05-06T21:10:26.523] [INFO] default - Se ha comprado una oferta por el usuario: test1@test1.com
[2021-05-06T21:10:30.297] [INFO] default - Inicio de sesion del usuario: test1@test1.com
[2021-05-06T21:10:53.446] [INFO] default - Inicio de sesion del usuario: test1@test1.com
[2021-05-06T21:11:03.100] [INFO] default - Inicio de sesion del admin: admin@admin.com
[2021-05-06T21:11:17.167] [INFO] default - Se ha/n eliminado el/los usuario/s: test1@test1.com por el administrador: admin@admin.com
[2021-05-06T21:11:19.137] [INFO] default - Se ha desconectado el usuario: admin@admin.com
[2021-05-06T21:11:22.363] [INFO] default - Inicio de sesion del usuario: prueba1@prueba1.com
[2021-05-06T21:11:29.089] [INFO] default - Se ha eliminado una oferta por el usuario: prueba1@prueba1.com
[2021-05-06T21:11:35.467] [INFO] default - Se ha eliminado una oferta por el usuario: prueba1@prueba1.com
[2021-05-06T21:15:08.777] [INFO] default - Inicio de sesion del usuario: test1@test1.com
[2021-05-06T21:15:21.340] [INFO] default - Inicio de sesion del usuario: test1@test1.com
[2021-05-06T21:15:21.447] [INFO] default - Se ha desconectado el usuario: test1@test1.com
[2021-05-06T21:15:25.345] [INFO] default - Inicio de sesion del admin: admin@admin.com
[2021-05-06T21:15:37.227] [INFO] default - Inicio de sesion del admin: admin@admin.com
[2021-05-06T21:15:52.379] [INFO] default - Se ha/n eliminado el/los usuario/s: Borrado1@Borrado1.com por el administrador: admin@admin.com
[2021-05-06T21:16:05.630] [INFO] default - Inicio de sesion del admin: admin@admin.com
[2021-05-06T21:16:16.589] [INFO] default - Se ha/n eliminado el/los usuario/s: zzzz@zzzz.com por el administrador: admin@admin.com
[2021-05-06T21:16:39.193] [INFO] default - Inicio de sesion del admin: admin@admin.com
[2021-05-06T21:16:52.804] [INFO] default - Se ha/n eliminado el/los usuario/s: Borrado1@Borrado1.com,Borrado2@Borrado2.com,zzzz@zzzz.com por el administrador: admin@admin.com
[2021-05-06T21:16:57.090] [INFO] default - Inicio de sesion del usuario: prueba1@prueba1.com
[2021-05-06T21:17:01.747] [INFO] default - Se ha publicado una oferta por el usuario: prueba1@prueba1.com
[2021-05-06T21:17:06.186] [INFO] default - Inicio de sesion del usuario: prueba1@prueba1.com
[2021-05-06T21:17:13.840] [INFO] default - Inicio de sesion del usuario: prueba1@prueba1.com
[2021-05-06T21:17:17.615] [INFO] default - Inicio de sesion del usuario: prueba1@prueba1.com
[2021-05-06T21:17:22.608] [INFO] default - Se ha eliminado una oferta por el usuario: prueba1@prueba1.com
[2021-05-06T21:17:26.220] [INFO] default - Se ha publicado una oferta por el usuario: prueba1@prueba1.com
[2021-05-06T21:17:31.483] [INFO] default - Inicio de sesion del usuario: prueba1@prueba1.com
[2021-05-06T21:17:39.181] [INFO] default - Se ha eliminado una oferta por el usuario: prueba1@prueba1.com
[2021-05-06T21:17:43.347] [INFO] default - Inicio de sesion del usuario: prueba1@prueba1.com
[2021-05-06T21:18:00.005] [INFO] default - Inicio de sesion del usuario: prueba1@prueba1.com
[2021-05-06T21:19:01.160] [INFO] default - Inicio de sesion del usuario: prueba1@prueba1.com
[2021-05-06T21:19:11.880] [INFO] default - Inicio de sesion del usuario: prueba1@prueba1.com
[2021-05-06T21:19:16.230] [INFO] default - Se ha publicado una oferta por el usuario: prueba1@prueba1.com
[2021-05-06T21:19:20.832] [INFO] default - Se ha desconectado el usuario: prueba1@prueba1.com
[2021-05-06T21:19:23.010] [INFO] default - Inicio de sesion del usuario: test1@test1.com
[2021-05-06T21:19:38.987] [INFO] default - Se ha comprado una oferta por el usuario: test1@test1.com
[2021-05-06T21:19:43.783] [INFO] default - Inicio de sesion del usuario: prueba1@prueba1.com
[2021-05-06T21:19:47.456] [INFO] default - Se ha publicado una oferta por el usuario: prueba1@prueba1.com
[2021-05-06T21:19:49.503] [INFO] default - Se ha desconectado el usuario: prueba1@prueba1.com
[2021-05-06T21:19:51.638] [INFO] default - Inicio de sesion del usuario: test1@test1.com
[2021-05-06T21:20:10.690] [INFO] default - Se ha comprado una oferta por el usuario: test1@test1.com
[2021-05-06T21:20:14.336] [INFO] default - Inicio de sesion del usuario: test1@test1.com
[2021-05-06T21:20:35.243] [INFO] default - Inicio de sesion del usuario: test1@test1.com
[2021-05-06T21:20:41.348] [INFO] default - Inicio de sesion del admin: admin@admin.com
[2021-05-06T21:20:54.615] [INFO] default - Se ha/n eliminado el/los usuario/s: test1@test1.com por el administrador: admin@admin.com
[2021-05-06T21:20:57.506] [INFO] default - Se ha desconectado el usuario: admin@admin.com
[2021-05-06T21:20:59.803] [INFO] default - Inicio de sesion del usuario: prueba1@prueba1.com
[2021-05-06T21:21:04.007] [INFO] default - Se ha eliminado una oferta por el usuario: prueba1@prueba1.com
[2021-05-06T21:21:08.735] [INFO] default - Se ha eliminado una oferta por el usuario: prueba1@prueba1.com
[2021-05-06T21:23:05.508] [INFO] default - Inicio de sesion del usuario: test1@test1.com
[2021-05-06T21:23:18.342] [INFO] default - Inicio de sesion del usuario: test1@test1.com
[2021-05-06T21:23:18.457] [INFO] default - Se ha desconectado el usuario: test1@test1.com
[2021-05-06T21:23:23.252] [INFO] default - Inicio de sesion del admin: admin@admin.com
[2021-05-06T21:23:36.810] [INFO] default - Inicio de sesion del admin: admin@admin.com
[2021-05-06T21:23:50.642] [INFO] default - Se ha/n eliminado el/los usuario/s: Borrado1@Borrado1.com por el administrador: admin@admin.com
[2021-05-06T21:24:01.868] [INFO] default - Inicio de sesion del admin: admin@admin.com
[2021-05-06T21:24:17.299] [INFO] default - Se ha/n eliminado el/los usuario/s: zzzz@zzzz.com por el administrador: admin@admin.com
[2021-05-06T21:24:43.303] [INFO] default - Inicio de sesion del admin: admin@admin.com
[2021-05-06T21:25:01.679] [INFO] default - Se ha/n eliminado el/los usuario/s: Borrado1@Borrado1.com,Borrado2@Borrado2.com,zzzz@zzzz.com por el administrador: admin@admin.com
[2021-05-06T21:25:06.543] [INFO] default - Inicio de sesion del usuario: prueba1@prueba1.com
[2021-05-06T21:25:14.013] [INFO] default - Se ha publicado una oferta por el usuario: prueba1@prueba1.com
[2021-05-06T21:25:20.727] [INFO] default - Inicio de sesion del usuario: prueba1@prueba1.com
[2021-05-06T21:25:27.621] [INFO] default - Inicio de sesion del usuario: prueba1@prueba1.com
[2021-05-06T21:25:32.869] [INFO] default - Inicio de sesion del usuario: prueba1@prueba1.com
[2021-05-06T21:25:39.978] [INFO] default - Se ha eliminado una oferta por el usuario: prueba1@prueba1.com
[2021-05-06T21:25:45.394] [INFO] default - Se ha publicado una oferta por el usuario: prueba1@prueba1.com
[2021-05-06T21:25:50.813] [INFO] default - Inicio de sesion del usuario: prueba1@prueba1.com
[2021-05-06T21:25:56.232] [INFO] default - Se ha eliminado una oferta por el usuario: prueba1@prueba1.com
[2021-05-06T21:26:01.898] [INFO] default - Inicio de sesion del usuario: prueba1@prueba1.com
[2021-05-06T21:26:22.305] [INFO] default - Inicio de sesion del usuario: prueba1@prueba1.com
[2021-05-06T21:27:23.113] [INFO] default - Inicio de sesion del usuario: prueba1@prueba1.com
[2021-05-06T21:27:36.461] [INFO] default - Inicio de sesion del usuario: prueba1@prueba1.com
[2021-05-06T21:27:42.261] [INFO] default - Se ha publicado una oferta por el usuario: prueba1@prueba1.com
[2021-05-06T21:27:45.218] [INFO] default - Se ha desconectado el usuario: prueba1@prueba1.com
[2021-05-06T21:27:48.053] [INFO] default - Inicio de sesion del usuario: test1@test1.com
[2021-05-06T21:28:07.005] [INFO] default - Se ha comprado una oferta por el usuario: test1@test1.com
[2021-05-06T21:28:11.705] [INFO] default - Inicio de sesion del usuario: prueba1@prueba1.com
[2021-05-06T21:28:18.739] [INFO] default - Se ha publicado una oferta por el usuario: prueba1@prueba1.com
[2021-05-06T21:28:22.097] [INFO] default - Se ha desconectado el usuario: prueba1@prueba1.com
[2021-05-06T21:28:26.137] [INFO] default - Inicio de sesion del usuario: test1@test1.com
[2021-05-06T21:28:45.114] [INFO] default - Se ha comprado una oferta por el usuario: test1@test1.com
[2021-05-06T21:28:50.427] [INFO] default - Inicio de sesion del usuario: test1@test1.com
[2021-05-06T21:29:12.796] [INFO] default - Inicio de sesion del usuario: test1@test1.com
[2021-05-06T21:29:20.944] [INFO] default - Inicio de sesion del admin: admin@admin.com
[2021-05-06T21:29:36.127] [INFO] default - Se ha/n eliminado el/los usuario/s: test1@test1.com por el administrador: admin@admin.com
[2021-05-06T21:29:38.446] [INFO] default - Se ha desconectado el usuario: admin@admin.com
[2021-05-06T21:29:41.209] [INFO] default - Inicio de sesion del usuario: prueba1@prueba1.com
[2021-05-06T21:29:47.435] [INFO] default - Se ha eliminado una oferta por el usuario: prueba1@prueba1.com
[2021-05-06T21:29:52.964] [INFO] default - Se ha eliminado una oferta por el usuario: prueba1@prueba1.com
[2021-05-06T21:30:35.880] [INFO] default - Se ha desconectado el usuario: prueba1@prueba1.com
[2021-05-06T21:30:44.967] [INFO] default - Inicio de sesion del usuario: prueba1@prueba1.com
[2021-05-06T21:34:00.100] [INFO] default - Inicio de sesion del usuario: test1@test1.com
[2021-05-06T21:34:17.451] [INFO] default - Inicio de sesion del usuario: test1@test1.com
[2021-05-06T21:34:17.560] [INFO] default - Se ha desconectado el usuario: test1@test1.com
[2021-05-06T21:34:24.720] [INFO] default - Inicio de sesion del admin: admin@admin.com
[2021-05-06T21:34:37.127] [INFO] default - Inicio de sesion del admin: admin@admin.com
[2021-05-06T21:34:54.453] [INFO] default - Se ha/n eliminado el/los usuario/s: Borrado1@Borrado1.com por el administrador: admin@admin.com
[2021-05-06T21:35:06.686] [INFO] default - Inicio de sesion del admin: admin@admin.com
[2021-05-06T21:35:20.156] [INFO] default - Se ha/n eliminado el/los usuario/s: zzzz@zzzz.com por el administrador: admin@admin.com
[2021-05-06T21:35:47.661] [INFO] default - Inicio de sesion del admin: admin@admin.com
[2021-05-06T21:36:03.651] [INFO] default - Se ha/n eliminado el/los usuario/s: Borrado1@Borrado1.com,Borrado2@Borrado2.com,zzzz@zzzz.com por el administrador: admin@admin.com
[2021-05-06T21:36:09.148] [INFO] default - Inicio de sesion del usuario: prueba1@prueba1.com
[2021-05-06T21:36:13.572] [INFO] default - Se ha publicado una oferta por el usuario: prueba1@prueba1.com
[2021-05-06T21:36:17.581] [INFO] default - Inicio de sesion del usuario: prueba1@prueba1.com
[2021-05-06T21:36:24.473] [INFO] default - Inicio de sesion del usuario: prueba1@prueba1.com
[2021-05-06T21:36:28.275] [INFO] default - Inicio de sesion del usuario: prueba1@prueba1.com
[2021-05-06T21:36:33.902] [INFO] default - Se ha eliminado una oferta por el usuario: prueba1@prueba1.com
[2021-05-06T21:36:37.518] [INFO] default - Se ha publicado una oferta por el usuario: prueba1@prueba1.com
[2021-05-06T21:36:41.907] [INFO] default - Inicio de sesion del usuario: prueba1@prueba1.com
[2021-05-06T21:36:47.538] [INFO] default - Se ha eliminado una oferta por el usuario: prueba1@prueba1.com
[2021-05-06T21:36:52.293] [INFO] default - Inicio de sesion del usuario: prueba1@prueba1.com
[2021-05-06T21:37:10.061] [INFO] default - Inicio de sesion del usuario: prueba1@prueba1.com
[2021-05-06T21:38:09.208] [INFO] default - Inicio de sesion del usuario: prueba1@prueba1.com
[2021-05-06T21:38:17.810] [INFO] default - Inicio de sesion del usuario: prueba1@prueba1.com
[2021-05-06T21:38:21.416] [INFO] default - Se ha publicado una oferta por el usuario: prueba1@prueba1.com
[2021-05-06T21:38:23.392] [INFO] default - Se ha desconectado el usuario: prueba1@prueba1.com
[2021-05-06T21:38:25.812] [INFO] default - Inicio de sesion del usuario: test1@test1.com
[2021-05-06T21:38:41.244] [INFO] default - Se ha comprado una oferta por el usuario: test1@test1.com
[2021-05-06T21:38:45.456] [INFO] default - Inicio de sesion del usuario: prueba1@prueba1.com
[2021-05-06T21:38:49.991] [INFO] default - Se ha publicado una oferta por el usuario: prueba1@prueba1.com
[2021-05-06T21:38:51.261] [INFO] default - Se ha desconectado el usuario: prueba1@prueba1.com
[2021-05-06T21:38:54.358] [INFO] default - Inicio de sesion del usuario: test1@test1.com
[2021-05-06T21:39:09.828] [INFO] default - Se ha comprado una oferta por el usuario: test1@test1.com
[2021-05-06T21:39:17.578] [INFO] default - Inicio de sesion del usuario: test1@test1.com
[2021-05-06T21:39:37.601] [INFO] default - Inicio de sesion del usuario: test1@test1.com
[2021-05-06T21:39:43.766] [INFO] default - Inicio de sesion del admin: admin@admin.com
[2021-05-06T21:39:59.478] [INFO] default - Se ha/n eliminado el/los usuario/s: test1@test1.com por el administrador: admin@admin.com
[2021-05-06T21:40:01.894] [INFO] default - Se ha desconectado el usuario: admin@admin.com
[2021-05-06T21:40:04.222] [INFO] default - Inicio de sesion del usuario: prueba1@prueba1.com
[2021-05-06T21:40:10.313] [INFO] default - Se ha eliminado una oferta por el usuario: prueba1@prueba1.com
[2021-05-06T21:40:14.443] [INFO] default - Se ha eliminado una oferta por el usuario: prueba1@prueba1.com
[2021-05-06T21:46:24.364] [INFO] default - Inicio de sesion del usuario: test1@test1.com
[2021-05-06T21:46:39.439] [INFO] default - Inicio de sesion del usuario: test1@test1.com
[2021-05-06T21:46:39.560] [INFO] default - Se ha desconectado el usuario: test1@test1.com
[2021-05-06T21:46:44.306] [INFO] default - Inicio de sesion del admin: admin@admin.com
[2021-05-06T21:46:57.995] [INFO] default - Inicio de sesion del admin: admin@admin.com
[2021-05-06T21:47:13.269] [INFO] default - Se ha/n eliminado el/los usuario/s: Borrado1@Borrado1.com por el administrador: admin@admin.com
[2021-05-06T21:47:23.424] [INFO] default - Inicio de sesion del admin: admin@admin.com
[2021-05-06T21:47:35.634] [INFO] default - Se ha/n eliminado el/los usuario/s: zzzz@zzzz.com por el administrador: admin@admin.com
[2021-05-06T21:47:58.057] [INFO] default - Inicio de sesion del admin: admin@admin.com
[2021-05-06T21:48:10.724] [INFO] default - Se ha/n eliminado el/los usuario/s: Borrado1@Borrado1.com,Borrado2@Borrado2.com,zzzz@zzzz.com por el administrador: admin@admin.com
[2021-05-06T21:48:14.875] [INFO] default - Inicio de sesion del usuario: prueba1@prueba1.com
[2021-05-06T21:48:21.646] [INFO] default - Se ha publicado una oferta por el usuario: prueba1@prueba1.com
[2021-05-06T21:48:25.925] [INFO] default - Inicio de sesion del usuario: prueba1@prueba1.com
[2021-05-06T21:48:33.821] [INFO] default - Inicio de sesion del usuario: prueba1@prueba1.com
[2021-05-06T21:48:38.556] [INFO] default - Inicio de sesion del usuario: prueba1@prueba1.com
[2021-05-06T21:48:44.781] [INFO] default - Se ha eliminado una oferta por el usuario: prueba1@prueba1.com
[2021-05-06T21:48:50.667] [INFO] default - Se ha publicado una oferta por el usuario: prueba1@prueba1.com
[2021-05-06T21:48:56.107] [INFO] default - Inicio de sesion del usuario: prueba1@prueba1.com
[2021-05-06T21:49:03.000] [INFO] default - Se ha eliminado una oferta por el usuario: prueba1@prueba1.com
[2021-05-06T21:49:08.837] [INFO] default - Inicio de sesion del usuario: prueba1@prueba1.com
[2021-05-06T21:49:30.538] [INFO] default - Inicio de sesion del usuario: prueba1@prueba1.com
[2021-05-06T21:50:31.514] [INFO] default - Inicio de sesion del usuario: prueba1@prueba1.com
[2021-05-06T21:50:46.235] [INFO] default - Inicio de sesion del usuario: prueba1@prueba1.com
[2021-05-06T21:50:53.855] [INFO] default - Se ha publicado una oferta por el usuario: prueba1@prueba1.com
[2021-05-06T21:50:58.069] [INFO] default - Se ha desconectado el usuario: prueba1@prueba1.com
[2021-05-06T21:51:00.605] [INFO] default - Inicio de sesion del usuario: test1@test1.com
[2021-05-06T21:51:54.094] [INFO] default - Se ha comprado una oferta por el usuario: test1@test1.com
[2021-05-06T21:53:53.117] [INFO] default - Inicio de sesion del usuario: test1@test1.com
[2021-05-06T21:54:03.452] [INFO] default - Inicio de sesion del usuario: test1@test1.com
[2021-05-06T21:54:03.565] [INFO] default - Se ha desconectado el usuario: test1@test1.com
[2021-05-06T21:54:07.251] [INFO] default - Inicio de sesion del admin: admin@admin.com
[2021-05-06T21:54:16.047] [INFO] default - Inicio de sesion del admin: admin@admin.com
[2021-05-06T21:54:25.245] [INFO] default - Se ha/n eliminado el/los usuario/s: Borrado1@Borrado1.com por el administrador: admin@admin.com
[2021-05-06T21:54:34.618] [INFO] default - Inicio de sesion del admin: admin@admin.com
[2021-05-06T21:54:43.701] [INFO] default - Se ha/n eliminado el/los usuario/s: zzzz@zzzz.com por el administrador: admin@admin.com
[2021-05-06T21:55:02.446] [INFO] default - Inicio de sesion del admin: admin@admin.com
[2021-05-06T21:55:13.198] [INFO] default - Se ha/n eliminado el/los usuario/s: Borrado1@Borrado1.com,Borrado2@Borrado2.com,zzzz@zzzz.com por el administrador: admin@admin.com
[2021-05-06T21:55:17.348] [INFO] default - Inicio de sesion del usuario: prueba1@prueba1.com
[2021-05-06T21:55:21.554] [INFO] default - Se ha publicado una oferta por el usuario: prueba1@prueba1.com
[2021-05-06T21:55:26.012] [INFO] default - Inicio de sesion del usuario: prueba1@prueba1.com
[2021-05-06T21:55:31.471] [INFO] default - Inicio de sesion del usuario: prueba1@prueba1.com
[2021-05-06T21:55:35.719] [INFO] default - Inicio de sesion del usuario: prueba1@prueba1.com
[2021-05-06T21:55:40.041] [INFO] default - Se ha eliminado una oferta por el usuario: prueba1@prueba1.com
[2021-05-06T21:55:44.053] [INFO] default - Se ha publicado una oferta por el usuario: prueba1@prueba1.com
[2021-05-06T21:55:47.285] [INFO] default - Inicio de sesion del usuario: prueba1@prueba1.com
[2021-05-06T21:55:51.374] [INFO] default - Se ha eliminado una oferta por el usuario: prueba1@prueba1.com
[2021-05-06T21:55:55.561] [INFO] default - Inicio de sesion del usuario: prueba1@prueba1.com
[2021-05-06T21:56:13.612] [INFO] default - Inicio de sesion del usuario: prueba1@prueba1.com
[2021-05-06T21:57:13.091] [INFO] default - Inicio de sesion del usuario: prueba1@prueba1.com
[2021-05-06T21:57:21.735] [INFO] default - Inicio de sesion del usuario: prueba1@prueba1.com
[2021-05-06T21:57:25.819] [INFO] default - Se ha publicado una oferta por el usuario: prueba1@prueba1.com
[2021-05-06T21:57:27.643] [INFO] default - Se ha desconectado el usuario: prueba1@prueba1.com
[2021-05-06T21:57:29.980] [INFO] default - Inicio de sesion del usuario: test1@test1.com
[2021-05-06T21:57:42.326] [INFO] default - Se ha comprado una oferta por el usuario: test1@test1.com
[2021-05-06T21:57:46.294] [INFO] default - Inicio de sesion del usuario: prueba1@prueba1.com
[2021-05-06T21:57:50.371] [INFO] default - Se ha publicado una oferta por el usuario: prueba1@prueba1.com
[2021-05-06T21:57:51.952] [INFO] default - Se ha desconectado el usuario: prueba1@prueba1.com
[2021-05-06T21:57:53.857] [INFO] default - Inicio de sesion del usuario: test1@test1.com
[2021-05-06T21:58:06.383] [INFO] default - Se ha comprado una oferta por el usuario: test1@test1.com
[2021-05-06T21:58:10.184] [INFO] default - Inicio de sesion del usuario: test1@test1.com
[2021-05-06T21:58:25.633] [INFO] default - Inicio de sesion del usuario: test1@test1.com
[2021-05-06T21:58:31.249] [INFO] default - Inicio de sesion del admin: admin@admin.com
[2021-05-06T21:58:41.983] [INFO] default - Se ha/n eliminado el/los usuario/s: test1@test1.com por el administrador: admin@admin.com
[2021-05-06T21:58:43.760] [INFO] default - Se ha desconectado el usuario: admin@admin.com
[2021-05-06T21:58:45.987] [INFO] default - Inicio de sesion del usuario: prueba1@prueba1.com
[2021-05-06T21:58:50.126] [INFO] default - Se ha eliminado una oferta por el usuario: prueba1@prueba1.com
[2021-05-06T21:58:54.215] [INFO] default - Se ha eliminado una oferta por el usuario: prueba1@prueba1.com
[2021-05-06T21:59:40.893] [INFO] default - Inicio de sesion del usuario: test1@test1.com
[2021-05-06T21:59:45.079] [INFO] default - Se ha publicado una oferta por el usuario: test1@test1.com
[2021-05-06T22:00:23.702] [INFO] default - Inicio de sesion del admin: admin@admin.com
[2021-05-06T22:00:34.602] [INFO] default - Se ha/n eliminado el/los usuario/s: test1@test1.com,test2@test2.com por el administrador: admin@admin.com
[2021-05-06T22:02:28.943] [INFO] default - Inicio de sesion del usuario: test1@test1.com
[2021-05-06T22:02:32.912] [INFO] default - Se ha publicado una oferta por el usuario: test1@test1.com
[2021-05-06T22:03:11.901] [INFO] default - Inicio de sesion del admin: admin@admin.com
[2021-05-06T22:03:22.525] [INFO] default - Se ha/n eliminado el/los usuario/s: test1@test1.com,test2@test2.com por el administrador: admin@admin.com
[2021-05-06T22:04:21.686] [INFO] default - Inicio de sesion del usuario: test1@test1.com
[2021-05-06T22:04:26.646] [INFO] default - Se ha publicado una oferta por el usuario: test1@test1.com
[2021-05-06T22:05:13.343] [INFO] default - Inicio de sesion del admin: admin@admin.com
[2021-05-06T22:05:24.197] [INFO] default - Se ha/n eliminado el/los usuario/s: test1@test1.com,test2@test2.com por el administrador: admin@admin.com
